<?xml version="1.0" encoding="UTF-8"?>
<coverage generated="1629618694741" clover="3.2.0">
  <project timestamp="1629618694742" name="All files">
    <metrics statements="16" coveredstatements="13" conditionals="11" coveredconditionals="6" methods="9" coveredmethods="6" elements="36" coveredelements="25" complexity="0" loc="16" ncloc="16" packages="2" files="2" classes="2"/>
    <package name="components.ToggleDrawer">
      <metrics statements="16" coveredstatements="13" conditionals="11" coveredconditionals="6" methods="9" coveredmethods="6"/>
      <file name="index.jsx" path="/home/miguel-angel-gutierrez-maya/react-workspace/test-patagonian/src/components/ToggleDrawer/index.jsx">
        <metrics statements="16" coveredstatements="13" conditionals="11" coveredconditionals="6" methods="9" coveredmethods="6"/>
        <line num="37" count="1" type="stmt"/>
        <line num="55" count="1" type="cond" truecount="0" falsecount="1"/>
        <line num="60" count="2" type="stmt"/>
        <line num="65" count="2" type="stmt"/>
        <line num="70" count="2" type="stmt"/>
        <line num="71" count="1" type="stmt"/>
        <line num="77" count="2" type="stmt"/>
        <line num="78" count="2" type="stmt"/>
        <line num="80" count="2" type="stmt"/>
        <line num="81" count="2" type="stmt"/>
        <line num="84" count="0" type="stmt"/>
        <line num="85" count="0" type="stmt"/>
        <line num="95" count="6" type="cond" truecount="2" falsecount="1"/>
        <line num="110" count="2" type="cond" truecount="3" falsecount="0"/>
        <line num="112" count="1" type="stmt"/>
        <line num="115" count="0" type="stmt"/>
      </file>
    </package>
    <package name="utils">
      <metrics statements="0" coveredstatements="0" conditionals="0" coveredconditionals="0" methods="0" coveredmethods="0"/>
      <file name="store.js" path="/home/miguel-angel-gutierrez-maya/react-workspace/test-patagonian/src/utils/store.js">
        <metrics statements="0" coveredstatements="0" conditionals="0" coveredconditionals="0" methods="0" coveredmethods="0"/>
      </file>
    </package>
  </project>
</coverage>
