{"/home/miguel-angel-gutierrez-maya/react-workspace/test-patagonian/src/components/ToggleDrawer/index.jsx": {"path":"/home/miguel-angel-gutierrez-maya/react-workspace/test-patagonian/src/components/ToggleDrawer/index.jsx","statementMap":{"0":{"start":{"line":37,"column":18},"end":{"line":53,"column":3}},"1":{"start":{"line":37,"column":41},"end":{"line":53,"column":1}},"2":{"start":{"line":55,"column":28},"end":{"line":121,"column":1}},"3":{"start":{"line":60,"column":20},"end":{"line":60,"column":31}},"4":{"start":{"line":65,"column":28},"end":{"line":65,"column":49}},"5":{"start":{"line":70,"column":25},"end":{"line":72,"column":5}},"6":{"start":{"line":71,"column":8},"end":{"line":71,"column":22}},"7":{"start":{"line":77,"column":17},"end":{"line":77,"column":42}},"8":{"start":{"line":78,"column":17},"end":{"line":78,"column":45}},"9":{"start":{"line":80,"column":17},"end":{"line":108,"column":5}},"10":{"start":{"line":81,"column":8},"end":{"line":107,"column":15}},"11":{"start":{"line":84,"column":27},"end":{"line":84,"column":46}},"12":{"start":{"line":85,"column":29},"end":{"line":85,"column":48}},"13":{"start":{"line":95,"column":24},"end":{"line":102,"column":25}},"14":{"start":{"line":110,"column":4},"end":{"line":119,"column":5}},"15":{"start":{"line":112,"column":39},"end":{"line":112,"column":57}},"16":{"start":{"line":115,"column":63},"end":{"line":115,"column":82}}},"fnMap":{"0":{"name":"(anonymous_0)","decl":{"start":{"line":37,"column":29},"end":{"line":37,"column":30}},"loc":{"start":{"line":37,"column":41},"end":{"line":53,"column":1}},"line":37},"1":{"name":"(anonymous_1)","decl":{"start":{"line":55,"column":28},"end":{"line":55,"column":29}},"loc":{"start":{"line":55,"column":50},"end":{"line":121,"column":1}},"line":55},"2":{"name":"(anonymous_2)","decl":{"start":{"line":70,"column":25},"end":{"line":70,"column":26}},"loc":{"start":{"line":70,"column":35},"end":{"line":72,"column":5}},"line":70},"3":{"name":"(anonymous_3)","decl":{"start":{"line":80,"column":17},"end":{"line":80,"column":18}},"loc":{"start":{"line":81,"column":8},"end":{"line":107,"column":15}},"line":81},"4":{"name":"(anonymous_4)","decl":{"start":{"line":84,"column":21},"end":{"line":84,"column":22}},"loc":{"start":{"line":84,"column":27},"end":{"line":84,"column":46}},"line":84},"5":{"name":"(anonymous_5)","decl":{"start":{"line":85,"column":23},"end":{"line":85,"column":24}},"loc":{"start":{"line":85,"column":29},"end":{"line":85,"column":48}},"line":85},"6":{"name":"(anonymous_6)","decl":{"start":{"line":94,"column":33},"end":{"line":94,"column":34}},"loc":{"start":{"line":94,"column":43},"end":{"line":103,"column":21}},"line":94},"7":{"name":"(anonymous_7)","decl":{"start":{"line":112,"column":33},"end":{"line":112,"column":34}},"loc":{"start":{"line":112,"column":39},"end":{"line":112,"column":57}},"line":112},"8":{"name":"(anonymous_8)","decl":{"start":{"line":115,"column":57},"end":{"line":115,"column":58}},"loc":{"start":{"line":115,"column":63},"end":{"line":115,"column":82}},"line":115}},"branchMap":{"0":{"loc":{"start":{"line":55,"column":31},"end":{"line":55,"column":43}},"type":"default-arg","locations":[{"start":{"line":55,"column":38},"end":{"line":55,"column":43}}],"line":55},"1":{"loc":{"start":{"line":89,"column":23},"end":{"line":89,"column":49}},"type":"cond-expr","locations":[{"start":{"line":89,"column":30},"end":{"line":89,"column":44}},{"start":{"line":89,"column":47},"end":{"line":89,"column":49}}],"line":89},"2":{"loc":{"start":{"line":95,"column":31},"end":{"line":102,"column":25}},"type":"binary-expr","locations":[{"start":{"line":95,"column":31},"end":{"line":95,"column":40}},{"start":{"line":95,"column":44},"end":{"line":95,"column":48}},{"start":{"line":96,"column":28},"end":{"line":101,"column":35}}],"line":95},"3":{"loc":{"start":{"line":96,"column":38},"end":{"line":96,"column":65}},"type":"cond-expr","locations":[{"start":{"line":96,"column":45},"end":{"line":96,"column":54}},{"start":{"line":96,"column":57},"end":{"line":96,"column":65}}],"line":96},"4":{"loc":{"start":{"line":110,"column":11},"end":{"line":119,"column":5}},"type":"binary-expr","locations":[{"start":{"line":110,"column":12},"end":{"line":110,"column":16}},{"start":{"line":110,"column":20},"end":{"line":110,"column":24}},{"start":{"line":111,"column":8},"end":{"line":118,"column":11}}],"line":110}},"s":{"0":1,"1":1,"2":1,"3":2,"4":2,"5":2,"6":1,"7":2,"8":2,"9":2,"10":2,"11":0,"12":0,"13":6,"14":2,"15":1,"16":0},"f":{"0":1,"1":2,"2":1,"3":2,"4":0,"5":0,"6":6,"7":1,"8":0},"b":{"0":[0],"1":[0,2],"2":[6,4,0],"3":[0,0],"4":[2,2,2]},"_coverageSchema":"1a1c01bbd47fc00a2c39e90264f33305004495a9","hash":"ea49dce84b55084f12b93eca62eb097c8111beb1"}
,"/home/miguel-angel-gutierrez-maya/react-workspace/test-patagonian/src/utils/store.js": {"path":"/home/miguel-angel-gutierrez-maya/react-workspace/test-patagonian/src/utils/store.js","statementMap":{},"fnMap":{},"branchMap":{},"s":{},"f":{},"b":{},"_coverageSchema":"1a1c01bbd47fc00a2c39e90264f33305004495a9","hash":"20c6d03d2d71a2ed58ff3c174536431f5570d81d"}
}
