TN:
SF:src/components/ToggleDrawer/index.jsx
FN:37,(anonymous_0)
FN:55,(anonymous_1)
FN:70,(anonymous_2)
FN:80,(anonymous_3)
FN:84,(anonymous_4)
FN:85,(anonymous_5)
FN:94,(anonymous_6)
FN:112,(anonymous_7)
FN:115,(anonymous_8)
FNF:9
FNH:6
FNDA:1,(anonymous_0)
FNDA:2,(anonymous_1)
FNDA:1,(anonymous_2)
FNDA:2,(anonymous_3)
FNDA:0,(anonymous_4)
FNDA:0,(anonymous_5)
FNDA:6,(anonymous_6)
FNDA:1,(anonymous_7)
FNDA:0,(anonymous_8)
DA:37,1
DA:55,1
DA:60,2
DA:65,2
DA:70,2
DA:71,1
DA:77,2
DA:78,2
DA:80,2
DA:81,2
DA:84,0
DA:85,0
DA:95,6
DA:110,2
DA:112,1
DA:115,0
LF:16
LH:13
BRDA:55,0,0,0
BRDA:89,1,0,0
BRDA:89,1,1,2
BRDA:95,2,0,6
BRDA:95,2,1,4
BRDA:95,2,2,0
BRDA:96,3,0,0
BRDA:96,3,1,0
BRDA:110,4,0,2
BRDA:110,4,1,2
BRDA:110,4,2,2
BRF:11
BRH:6
end_of_record
TN:
SF:src/utils/store.js
FNF:0
FNH:0
LF:0
LH:0
BRF:0
BRH:0
end_of_record
